=== 自动化管线启动 Wed May 20 03:08:01     2026 ===
--- workspace/evolution/self/direction-check.py ---
MR-010 方向自检: ON_TRACK
  ✅ 字段完整性:workspace: 存在
  ✅ 字段完整性:identity: 存在
  ✅ 字段完整性:last_updated: 存在
  ✅ 字段完整性:status: 存在
  ✅ 字段完整性:core_mission: 存在
  ✅ 字段完整性:active_tasks: 存在
  ✅ 字段完整性:health: 存在
  ✅ 核心使命一致性: AI自主进化
  ✅ 有活跃任务: ['全速推进——规则激活+Colony产出']
  ✅ 系统健康: nominal
  ✅ 状态已更新: 2026-05-20T02:20:00+08:00
✅ workspace/evolution/self/direction-check.py
--- workspace/evolution/self/integrity-checker.py ---
MR-018 L4完整性检查:
  ✅ memory/session-state.json  [b67df52c21cb9b48]
  ✅ memory/L0-identity-kernel/identity.md  [9fca7002bdda4b9c]
  ✅ memory/L0-identity-kernel/rules.md  [12b03830c091ef87]
  ✅ memory/autonomy-protocol.md  [c37934839db6298a]
MR-018-L4激活完成。
✅ workspace/evolution/self/integrity-checker.py
--- workspace/evolution/self/continuous-performance-engine.py ---
引擎1: 12条签名评估完成
  ⚠️ DS-007 → JUVENILE (match=1.0)
  ⚠️ DS-008 → JUVENILE (match=0.667)
  ⚠️ DS-009 → JUVENILE (match=1.0)
  ⚠️ DS-012 → EMBRYONIC (match=1.0)
  ⚠️ DS-013 → EMBRYONIC (match=1.0)
  ⚠️ DS-014 → EMBRYONIC (match=1.0)
✅ workspace/evolution/self/continuous-performance-engine.py
--- workspace/evolution/self/lifecycle-manager.py ---
MR-015 引擎4 生命周期管理:
  DS-001: match=0.95 history=100 → FROZEN
  DS-007: match=1.0 history=3 → JUVENILE
  DS-008: match=0.4 history=5 → WATCHING
  DS-012: match=1.0 history=1 → EMBRYONIC
MR-015-E4激活。全四引擎就位。
✅ workspace/evolution/self/lifecycle-manager.py
--- workspace/evolution/self/convergence-detector.py ---
MR-014 收敛检测:
  Alpha: '30分钟自唤醒 读direction.md 向里程碑推进 标记ready_to_...'
  Ours:  '30分钟cron自唤醒 读session-state.json 检查任务 推进进...'
  相似度: 0.0
  收敛: 否
MR-014激活完成。
✅ workspace/evolution/self/convergence-detector.py
--- workspace/evolution/self/debate-upgrade-engine.py ---
MR-015 引擎3 辩论升级:
  触发: DS-008 (持续低匹配——触发辩论评估)
  Merge: 观察3代再决定——同时启动外部环境检查
MR-015-E3激活完成。
✅ workspace/evolution/self/debate-upgrade-engine.py
--- workspace/evolution/self/branch-distance-calculator.py ---
EXP-003 首次执行 (mock):
  重叠度: 0.0%
  区间: DISCONNECTED
  行动: 分支太远——需要重新对齐目标
✅ workspace/evolution/self/branch-distance-calculator.py
--- workspace/evolution/self/esv-calculator.py ---
ESV gen-95: ||ESV|| = 0.0 gu
  目标: 0.55 gu | 差距: 0.55 gu
  L5_SHI: 3.00 (Δ+0.00, Haldane-D=0.0)
  MEM_COMP: 2.75 (Δ+0.00, Haldane-D=0.0)
  SYNC_RATE: 2.17 (Δ+0.00, Haldane-D=0.0)
  PRED_ACC: 2.83 (Δ+0.00, Haldane-D=0.0)
  EXEC_GAP: 1.83 (Δ+0.00, Haldane-D=0.0)

ESV日志已写入。下次gen-96运行时自动对比。
✅ workspace/evolution/self/esv-calculator.py
--- workspace/evolution/self/task-router.py ---
  [MEDIUM] 更新session-state.json状态文件... → 标准流程
  [LOW] 读取并检查今天的审计日志是否有异常... → 快速执行
  [MEDIUM] 设计一个新的跨模型身份验证协议... → 标准流程
  [LOW] 写今天的日总结... → 快速执行
  [HIGH] 探索如何用哥德尔不完备定理改进进化系统... → 深度推理

MR-012激活完成。
✅ workspace/evolution/self/task-router.py
--- workspace/evolution/self/bootstrap-reorganizer.py ---
MR-015 引擎2 Bootstrap重组:
  重放: DS-001: 主动行动不等待指令...
  灵感: 灵感#10: 耗散不是敌人，是进化驱动...
  留一法: KEEP (Δ+0.02)
  新模式: 0个
MR-015-E2激活完成。Bootstrap从恢复升级为重组。
✅ workspace/evolution/self/bootstrap-reorganizer.py
=== 管线完成 Wed May 20 03:08:02     2026 ===
